2016/08/20 17:36:20 [error] [exception.CHttpException.401] exception 'CHttpException' with message '抱歉,你无权限操作此内容!' in G:\php_web\myservice\advs\protected\components\Controller.php:70
Stack trace:
#0 G:\php_web\myservice\yii\web\filters\CInlineFilter.php(59): Controller->filterAuthControl(Object(CFilterChain))
#1 G:\php_web\myservice\yii\web\filters\CFilterChain.php(131): CInlineFilter->filter(Object(CFilterChain))
#2 G:\php_web\myservice\yii\web\CController.php(292): CFilterChain->run()
#3 G:\php_web\myservice\yii\web\CController.php(266): CController->runActionWithFilters(Object(CInlineAction), Array)
#4 G:\php_web\myservice\yii\web\CWebApplication.php(276): CController->run('test')
#5 G:\php_web\myservice\yii\web\CWebApplication.php(135): CWebApplication->runController('user/user/test')
#6 G:\php_web\myservice\yii\base\CApplication.php(162): CWebApplication->processRequest()
#7 G:\php_web\myservice\advs\index.php(24): CApplication->run()
#8 {main}
REQUEST_URI=/user/user/test
---
2016/08/20 17:39:45 [error] [exception.CHttpException.404] exception 'CHttpException' with message '系统无法找到请求的 "test" 动作.' in G:\php_web\myservice\yii\web\CController.php:484
Stack trace:
#0 G:\php_web\myservice\yii\web\CController.php(271): CController->missingAction('test')
#1 G:\php_web\myservice\yii\web\CWebApplication.php(276): CController->run('test')
#2 G:\php_web\myservice\yii\web\CWebApplication.php(135): CWebApplication->runController('user/user/test')
#3 G:\php_web\myservice\yii\base\CApplication.php(162): CWebApplication->processRequest()
#4 G:\php_web\myservice\advs\index.php(24): CApplication->run()
#5 {main}
REQUEST_URI=/user/user/test
---
2016/08/20 17:44:32 [error] [exception.CException] exception 'CException' with message 'UserController 无法找到请求的视图 "list".' in G:\php_web\myservice\yii\web\CController.php:877
Stack trace:
#0 G:\php_web\myservice\yii\web\CController.php(782): CController->renderPartial('list', Array, true)
#1 G:\php_web\myservice\advs\protected\modules\user\controllers\UserController.php(19): CController->render('list', Array)
#2 G:\php_web\myservice\yii\web\actions\CInlineAction.php(50): UserController->actionList()
#3 G:\php_web\myservice\yii\web\CController.php(309): CInlineAction->runWithParams(Array)
#4 G:\php_web\myservice\yii\web\filters\CFilterChain.php(134): CController->runAction(Object(CInlineAction))
#5 G:\php_web\myservice\advs\protected\components\Controller.php(39): CFilterChain->run()
#6 G:\php_web\myservice\yii\web\filters\CInlineFilter.php(59): Controller->filterAuthControl(Object(CFilterChain))
#7 G:\php_web\myservice\yii\web\filters\CFilterChain.php(131): CInlineFilter->filter(Object(CFilterChain))
#8 G:\php_web\myservice\yii\web\CController.php(292): CFilterChain->run()
#9 G:\php_web\myservice\yii\web\CController.php(266): CController->runActionWithFilters(Object(CInlineAction), Array)
#10 G:\php_web\myservice\yii\web\CWebApplication.php(276): CController->run('list')
#11 G:\php_web\myservice\yii\web\CWebApplication.php(135): CWebApplication->runController('user/user/list')
#12 G:\php_web\myservice\yii\base\CApplication.php(162): CWebApplication->processRequest()
#13 G:\php_web\myservice\advs\index.php(24): CApplication->run()
#14 {main}
REQUEST_URI=/user/user/list
---
2016/08/20 17:54:22 [error] [php] include_once(G:\php_web\myservice\advs\protected\views/sidebar.php): failed to open stream: No such file or directory (G:\php_web\myservice\advs\protected\views\system\index.php:2)
Stack trace:
#0 G:\php_web\myservice\yii\web\CBaseController.php(96): SystemController->renderInternal()
#1 G:\php_web\myservice\yii\web\CController.php(868): SystemController->renderFile()
#2 G:\php_web\myservice\yii\web\CController.php(782): SystemController->renderPartial()
#3 G:\php_web\myservice\advs\protected\controllers\SystemController.php(18): SystemController->render()
#4 G:\php_web\myservice\yii\web\actions\CInlineAction.php(50): SystemController->actionIndex()
#5 G:\php_web\myservice\yii\web\CController.php(309): CInlineAction->runWithParams()
#6 G:\php_web\myservice\yii\web\CController.php(287): SystemController->runAction()
#7 G:\php_web\myservice\yii\web\CController.php(266): SystemController->runActionWithFilters()
#8 G:\php_web\myservice\yii\web\CWebApplication.php(276): SystemController->run()
#9 G:\php_web\myservice\yii\web\CWebApplication.php(135): CWebApplication->runController()
#10 G:\php_web\myservice\yii\base\CApplication.php(162): CWebApplication->processRequest()
#11 G:\php_web\myservice\advs\index.php(24): CWebApplication->run()
REQUEST_URI=/system/index
2016/08/20 17:56:39 [error] [exception.CHttpException.404] exception 'CHttpException' with message '无法解析请求 "contacts.html"。' in G:\php_web\myservice\yii\web\CWebApplication.php:280
Stack trace:
#0 G:\php_web\myservice\yii\web\CWebApplication.php(135): CWebApplication->runController('contacts.html')
#1 G:\php_web\myservice\yii\base\CApplication.php(162): CWebApplication->processRequest()
#2 G:\php_web\myservice\advs\index.php(24): CApplication->run()
#3 {main}
REQUEST_URI=/contacts.html
HTTP_REFERER=http://myserver.test.com:50500/index
---
2016/08/20 17:56:49 [error] [exception.CHttpException.404] exception 'CHttpException' with message '无法解析请求 "form_avatar.html"。' in G:\php_web\myservice\yii\web\CWebApplication.php:280
Stack trace:
#0 G:\php_web\myservice\yii\web\CWebApplication.php(135): CWebApplication->runController('form_avatar.htm...')
#1 G:\php_web\myservice\yii\base\CApplication.php(162): CWebApplication->processRequest()
#2 G:\php_web\myservice\advs\index.php(24): CApplication->run()
#3 {main}
REQUEST_URI=/form_avatar.html
HTTP_REFERER=http://myserver.test.com:50500/index
---
2016/08/20 17:57:22 [error] [exception.CHttpException.404] exception 'CHttpException' with message '无法解析请求 "assets/hplus/form_avatar.html"。' in G:\php_web\myservice\yii\web\CWebApplication.php:280
Stack trace:
#0 G:\php_web\myservice\yii\web\CWebApplication.php(135): CWebApplication->runController('assets/hplus/fo...')
#1 G:\php_web\myservice\yii\base\CApplication.php(162): CWebApplication->processRequest()
#2 G:\php_web\myservice\advs\index.php(24): CApplication->run()
#3 {main}
REQUEST_URI=/assets/hplus/form_avatar.html
HTTP_REFERER=http://myserver.test.com:50500/index
---
